<?xml version="1.0" encoding="UTF-8"?>

<beans xmlns="http://www.springframework.org/schema/beans"
       xmlns:xsi="http://www.w3.org/2001/XMLSchema-instance"
       xmlns:context="http://www.springframework.org/schema/context"
       xsi:schemaLocation="http://www.springframework.org/schema/beans
    http://www.springframework.org/schema/beans/spring-beans.xsd http://www.springframework.org/schema/context https://www.springframework.org/schema/context/spring-context.xsd">

    <import resource="application-context.xml"/>

    <bean class="org.springframework.context.support.PropertySourcesPlaceholderConfigurer">
        <property name="location" value="clients.properties"/>
    </bean>

    <bean id="savingAccount1" class="com.luxoft.bankapp.model.SavingAccount">
        <property name="balance" value="${client1.savingAccountInitialValue}"/>
    </bean>

    <bean id="checkingAccount1" class="com.luxoft.bankapp.model.CheckingAccount">
        <property name="overdraft" value="${client1.checkingAccountInitialValue}"/>
    </bean>

    <bean id="client1" class="com.luxoft.bankapp.model.Client">
        <property name="name" value="${client1.name}"/>
        <property name="gender" value="MALE"/>
        <property name="repository" ref="repository"/>
        <property name="accounts">
            <list>
                <ref bean="savingAccount1"/>
                <ref bean="checkingAccount1"/>
            </list>
        </property>
    </bean>

    <bean id="checkingAccount2" class="com.luxoft.bankapp.model.CheckingAccount">
        <property name="overdraft" value="${client2.checkingAccountInitialValue}"/>
    </bean>

    <bean id="client2" class="com.luxoft.bankapp.model.Client">
        <property name="name" value="${client2.name}"/>
        <property name="gender" value="MALE"/>
        <property name="repository" ref="repository"/>
        <property name="accounts">
            <list>
                <ref bean="checkingAccount2"/>
            </list>
        </property>
    </bean>

</beans>
